  [1m[36mSQL (0.3ms)[0m  [1m SELECT name
 FROM sqlite_master
 WHERE type = 'table' AND NOT name = 'sqlite_sequence'
[0m
  [1m[35mSQL (0.4ms)[0m  select sqlite_version(*)
  [1m[36mSQL (3.7ms)[0m  [1mCREATE TABLE "schema_migrations" ("version" varchar(255) NOT NULL) [0m
  [1m[35mSQL (2.1ms)[0m  CREATE UNIQUE INDEX "unique_schema_migrations" ON "schema_migrations" ("version")
  [1m[36mSQL (0.4ms)[0m  [1m SELECT name
 FROM sqlite_master
 WHERE type = 'table' AND NOT name = 'sqlite_sequence'
[0m
  [1m[35mSQL (0.2ms)[0m   SELECT name
 FROM sqlite_master
 WHERE type = 'table' AND NOT name = 'sqlite_sequence'
  [1m[36mSQL (0.1ms)[0m  [1mSELECT "schema_migrations"."version" FROM "schema_migrations"[0m
Migrating to CreateWorkflowProcesses (20100507184607)
  [1m[35mSQL (0.5ms)[0m  CREATE TABLE "workflow_processes" ("id" INTEGER PRIMARY KEY AUTOINCREMENT NOT NULL, "name" varchar(255), "created_at" datetime, "updated_at" datetime) 
  [1m[36mSQL (0.2ms)[0m  [1mCREATE INDEX "index_workflow_processes_on_name" ON "workflow_processes" ("name")[0m
  [1m[35mSQL (0.3ms)[0m  INSERT INTO "schema_migrations" ("version") VALUES ('20100507184607')
Migrating to CreateWorkflowProcessInstances (20100507184617)
  [1m[36mSQL (0.5ms)[0m  [1mCREATE TABLE "workflow_process_instances" ("id" INTEGER PRIMARY KEY AUTOINCREMENT NOT NULL, "instance_id" integer, "instance_type" varchar(255), "process_id" integer, "created_at" datetime, "updated_at" datetime) [0m
  [1m[35mSQL (0.2ms)[0m  CREATE INDEX "index_workflow_process_instances_on_instance_id" ON "workflow_process_instances" ("instance_id")
  [1m[36mSQL (0.2ms)[0m  [1mCREATE INDEX "index_workflow_process_instances_on_instance_type" ON "workflow_process_instances" ("instance_type")[0m
  [1m[35mSQL (0.2ms)[0m  CREATE INDEX "index_workflow_process_instances_on_process_id" ON "workflow_process_instances" ("process_id")
  [1m[36mSQL (0.2ms)[0m  [1mINSERT INTO "schema_migrations" ("version") VALUES ('20100507184617')[0m
Migrating to CreateWorkflowNodes (20100507184629)
  [1m[35mSQL (0.5ms)[0m  CREATE TABLE "workflow_nodes" ("id" INTEGER PRIMARY KEY AUTOINCREMENT NOT NULL, "name" varchar(255), "type" varchar(255), "process_id" integer, "created_at" datetime, "updated_at" datetime) 
  [1m[36mSQL (0.2ms)[0m  [1mCREATE INDEX "index_workflow_nodes_on_name" ON "workflow_nodes" ("name")[0m
  [1m[35mSQL (0.2ms)[0m  CREATE INDEX "index_workflow_nodes_on_type" ON "workflow_nodes" ("type")
  [1m[36mSQL (0.1ms)[0m  [1mCREATE INDEX "index_workflow_nodes_on_process_id" ON "workflow_nodes" ("process_id")[0m
  [1m[35mSQL (0.2ms)[0m  INSERT INTO "schema_migrations" ("version") VALUES ('20100507184629')
Migrating to CreateWorkflowTransitions (20100507184641)
  [1m[36mSQL (0.5ms)[0m  [1mCREATE TABLE "workflow_transitions" ("id" INTEGER PRIMARY KEY AUTOINCREMENT NOT NULL, "name" varchar(255), "from_node_id" integer, "to_node_id" integer, "created_at" datetime, "updated_at" datetime) [0m
  [1m[35mSQL (0.2ms)[0m  CREATE INDEX "index_workflow_transitions_on_name" ON "workflow_transitions" ("name")
  [1m[36mSQL (0.2ms)[0m  [1mCREATE INDEX "index_workflow_transitions_on_from_node_id" ON "workflow_transitions" ("from_node_id")[0m
  [1m[35mSQL (0.2ms)[0m  CREATE INDEX "index_workflow_transitions_on_to_node_id" ON "workflow_transitions" ("to_node_id")
  [1m[36mSQL (0.2ms)[0m  [1mINSERT INTO "schema_migrations" ("version") VALUES ('20100507184641')[0m
  [1m[35mSQL (0.4ms)[0m   SELECT name
 FROM sqlite_master
 WHERE type = 'table' AND NOT name = 'sqlite_sequence'
  [1m[36mSQL (0.3ms)[0m  [1mSELECT "schema_migrations"."version" FROM "schema_migrations"[0m
  [1m[35mSQL (0.3ms)[0m   SELECT name
 FROM sqlite_master
 WHERE type = 'table' AND NOT name = 'sqlite_sequence'
  [1m[36mSQL (0.2ms)[0m  [1mPRAGMA index_list("workflow_nodes")[0m
  [1m[35mSQL (0.1ms)[0m  PRAGMA index_info('index_workflow_nodes_on_process_id')
  [1m[36mSQL (0.1ms)[0m  [1mPRAGMA index_info('index_workflow_nodes_on_type')[0m
  [1m[35mSQL (0.1ms)[0m  PRAGMA index_info('index_workflow_nodes_on_name')
  [1m[36mSQL (0.2ms)[0m  [1mPRAGMA index_list("workflow_process_instances")[0m
  [1m[35mSQL (0.1ms)[0m  PRAGMA index_info('index_workflow_process_instances_on_process_id')
  [1m[36mSQL (0.1ms)[0m  [1mPRAGMA index_info('index_workflow_process_instances_on_instance_type')[0m
  [1m[35mSQL (0.1ms)[0m  PRAGMA index_info('index_workflow_process_instances_on_instance_id')
  [1m[36mSQL (0.1ms)[0m  [1mPRAGMA index_list("workflow_processes")[0m
  [1m[35mSQL (0.1ms)[0m  PRAGMA index_info('index_workflow_processes_on_name')
  [1m[36mSQL (0.2ms)[0m  [1mPRAGMA index_list("workflow_transitions")[0m
  [1m[35mSQL (0.1ms)[0m  PRAGMA index_info('index_workflow_transitions_on_to_node_id')
  [1m[36mSQL (0.1ms)[0m  [1mPRAGMA index_info('index_workflow_transitions_on_from_node_id')[0m
  [1m[35mSQL (0.2ms)[0m  PRAGMA index_info('index_workflow_transitions_on_name')
